d:\吉住\マリオ\マリオ\debug\vc141.pdb
d:\吉住\マリオ\マリオ\debug\vc141.idb
d:\吉住\マリオ\マリオ\debug\vector2.obj
d:\吉住\マリオ\マリオ\debug\stage.obj
d:\吉住\マリオ\マリオ\debug\player.obj
d:\吉住\マリオ\マリオ\debug\keymng.obj
d:\吉住\マリオ\マリオ\debug\imagemng.obj
d:\吉住\マリオ\マリオ\debug\gametask.obj
d:\吉住\マリオ\マリオ\debug\enemy.obj
d:\吉住\マリオ\マリオ\debug\collisioncheck.obj
d:\吉住\マリオ\マリオ\debug\chara_base.obj
d:\吉住\マリオ\マリオ\debug\main.obj
d:\吉住\マリオ\マリオ\debug\player.obj.enc
d:\吉住\マリオ\debug\マリオ.pdb
d:\吉住\マリオ\マリオ\debug\マリオ.tlog\cl.command.1.tlog
d:\吉住\マリオ\マリオ\debug\マリオ.tlog\cl.read.1.tlog
d:\吉住\マリオ\マリオ\debug\マリオ.tlog\cl.write.1.tlog
d:\吉住\マリオ\マリオ\debug\マリオ.tlog\link-cvtres.read.1.tlog
d:\吉住\マリオ\マリオ\debug\マリオ.tlog\link-cvtres.write.1.tlog
d:\吉住\マリオ\マリオ\debug\マリオ.tlog\link-rc.read.1.tlog
d:\吉住\マリオ\マリオ\debug\マリオ.tlog\link-rc.write.1.tlog
d:\吉住\マリオ\マリオ\debug\マリオ.tlog\link.8224-cvtres.read.1.tlog
d:\吉住\マリオ\マリオ\debug\マリオ.tlog\link.8224-cvtres.write.1.tlog
d:\吉住\マリオ\マリオ\debug\マリオ.tlog\link.8224-rc.read.1.tlog
d:\吉住\マリオ\マリオ\debug\マリオ.tlog\link.8224-rc.write.1.tlog
d:\吉住\マリオ\マリオ\debug\マリオ.tlog\link.8224.read.1.tlog
d:\吉住\マリオ\マリオ\debug\マリオ.tlog\link.8224.write.1.tlog
d:\吉住\マリオ\マリオ\debug\マリオ.tlog\link.command.1.tlog
d:\吉住\マリオ\マリオ\debug\マリオ.tlog\link.read.1.tlog
d:\吉住\マリオ\マリオ\debug\マリオ.tlog\link.write.1.tlog
